<?xml version="1.0" encoding="UTF-8"?>
<!-- Generated by org.testng.reporters.JUnitXMLReporter -->
<testsuite ignored="0" hostname="MacBook-Pro.local" failures="2" tests="4" name="Test" time="0.207" errors="0" timestamp="2021-04-27T16:10:33 IST">
  <testcase classname="com.qa.guru99.testcases.MobileListPageTest" name="@BeforeMethod setUp" time="0.064">
    <failure type="java.lang.NullPointerException">
      <![CDATA[java.lang.NullPointerException
at com.qa.guru99.base.TestBase.initialization(TestBase.java:57)
at com.qa.guru99.testcases.MobileListPageTest.setUp(MobileListPageTest.java:20)
at java.base/java.util.ArrayList.forEach(ArrayList.java:1541)
... Removed 31 stack frames]]>
    </failure>
  </testcase> <!-- @BeforeMethod setUp -->
  <testcase classname="com.qa.guru99.testcases.MobileListPageTest" name="@AfterMethod tearDown" time="-1.619520033921E9">
    <skipped/>
  </testcase> <!-- @AfterMethod tearDown -->
  <testcase classname="com.qa.guru99.testcases.MobileListPageTest" name="@BeforeMethod setUp" time="-1.619520033929E9">
    <skipped/>
  </testcase> <!-- @BeforeMethod setUp -->
  <testcase classname="com.qa.guru99.testcases.MobileListPageTest" name="@AfterMethod tearDown" time="-1.61952003394E9">
    <skipped/>
  </testcase> <!-- @AfterMethod tearDown -->
  <testcase classname="com.qa.guru99.testcases.MobileListPageTest" name="verifyHomeTitleTest" time="0.0">
    <failure type="org.testng.TestNGException" message="
Cannot inject @Test annotated Method [verifyHomeTitleTest] with [class java.lang.String].
For more information on native dependency injection please refer to https://testng.org/doc/documentation-main.html#native-dependency-injection">
      <![CDATA[org.testng.TestNGException: 
Cannot inject @Test annotated Method [verifyHomeTitleTest] with [class java.lang.String].
For more information on native dependency injection please refer to https://testng.org/doc/documentation-main.html#native-dependency-injection
at java.base/java.util.ArrayList.forEach(ArrayList.java:1541)
... Removed 26 stack frames]]>
    </failure>
  </testcase> <!-- verifyHomeTitleTest -->
  <testcase classname="com.qa.guru99.testcases.MobileListPageTest" name="clickOnMobileTest" time="0.0">
    <skipped/>
  </testcase> <!-- clickOnMobileTest -->
  <testcase classname="com.qa.guru99.testcases.MobileListPageTest" name="verifyMobilePageTitleTest" time="0.0">
    <failure type="org.testng.TestNGException" message="
Cannot inject @Test annotated Method [verifyMobilePageTitleTest] with [class java.lang.String].
For more information on native dependency injection please refer to https://testng.org/doc/documentation-main.html#native-dependency-injection">
      <![CDATA[org.testng.TestNGException: 
Cannot inject @Test annotated Method [verifyMobilePageTitleTest] with [class java.lang.String].
For more information on native dependency injection please refer to https://testng.org/doc/documentation-main.html#native-dependency-injection
at java.base/java.util.ArrayList.forEach(ArrayList.java:1541)
... Removed 26 stack frames]]>
    </failure>
  </testcase> <!-- verifyMobilePageTitleTest -->
  <testcase classname="com.qa.guru99.testcases.MobileListPageTest" name="sortByDropdownTest" time="0.0">
    <skipped/>
  </testcase> <!-- sortByDropdownTest -->
</testsuite> <!-- Test -->
